<?xml version="1.0" encoding="UTF-8"?>
<!-- Generated by org.testng.reporters.JUnitReportReporter -->
<testsuite hostname="DESKTOP-1D95K6S" failures="0" tests="1" name="com.Shopperstack_TestScripts.Verify_useris_able_to_Delete_Address_or_not" time="37.789" errors="0" timestamp="2024-07-30T09:42:47 IST" skipped="0">
  <testcase classname="com.Shopperstack_TestScripts.Verify_useris_able_to_Delete_Address_or_not" name="deleteAddress" time="37.789"/>
</testsuite> <!-- com.Shopperstack_TestScripts.Verify_useris_able_to_Delete_Address_or_not -->
