<?xml version="1.0" encoding="UTF-8"?>
<!-- Generated by org.testng.reporters.JUnitReportReporter -->
<testsuite hostname="DESKTOP-1D95K6S" failures="0" tests="1" name="com.Shopperstack_TestScripts.Verify_user_is_able_to_Add_Address_or_not" time="56.244" errors="0" timestamp="2024-07-29T15:35:39 IST" skipped="0">
  <testcase classname="com.Shopperstack_TestScripts.Verify_user_is_able_to_Add_Address_or_not" name="addAddress" time="56.244"/>
</testsuite> <!-- com.Shopperstack_TestScripts.Verify_user_is_able_to_Add_Address_or_not -->
